Determining if the pthread_create exist failed with the following output:
Change Dir: /media/jun/Data/YangJun/Instancefusion/Instancefusion/deps/flann-1.8.4/build/CMakeFiles/CMakeTmp

Run Build Command:"/usr/bin/make" "cmTC_5f265/fast"
/usr/bin/make -f CMakeFiles/cmTC_5f265.dir/build.make CMakeFiles/cmTC_5f265.dir/build
make[1]: Entering directory '/media/jun/Data/YangJun/Instancefusion/Instancefusion/deps/flann-1.8.4/build/CMakeFiles/CMakeTmp'
Building C object CMakeFiles/cmTC_5f265.dir/CheckSymbolExists.c.o
/usr/bin/cc    -fPIC    -o CMakeFiles/cmTC_5f265.dir/CheckSymbolExists.c.o   -c /media/jun/Data/YangJun/Instancefusion/Instancefusion/deps/flann-1.8.4/build/CMakeFiles/CMakeTmp/CheckSymbolExists.c
Linking C executable cmTC_5f265
/usr/bin/cmake -E cmake_link_script CMakeFiles/cmTC_5f265.dir/link.txt --verbose=1
/usr/bin/cc  -fPIC     CMakeFiles/cmTC_5f265.dir/CheckSymbolExists.c.o  -o cmTC_5f265 -rdynamic 
CMakeFiles/cmTC_5f265.dir/CheckSymbolExists.c.o: In function `main':
CheckSymbolExists.c:(.text+0x1b): undefined reference to `pthread_create'
collect2: error: ld returned 1 exit status
CMakeFiles/cmTC_5f265.dir/build.make:97: recipe for target 'cmTC_5f265' failed
make[1]: *** [cmTC_5f265] Error 1
make[1]: Leaving directory '/media/jun/Data/YangJun/Instancefusion/Instancefusion/deps/flann-1.8.4/build/CMakeFiles/CMakeTmp'
Makefile:126: recipe for target 'cmTC_5f265/fast' failed
make: *** [cmTC_5f265/fast] Error 2

File /media/jun/Data/YangJun/Instancefusion/Instancefusion/deps/flann-1.8.4/build/CMakeFiles/CMakeTmp/CheckSymbolExists.c:
/* */
#include <pthread.h>

int main(int argc, char** argv)
{
  (void)argv;
#ifndef pthread_create
  return ((int*)(&pthread_create))[argc];
#else
  (void)argc;
  return 0;
#endif
}

Determining if the function pthread_create exists in the pthreads failed with the following output:
Change Dir: /media/jun/Data/YangJun/Instancefusion/Instancefusion/deps/flann-1.8.4/build/CMakeFiles/CMakeTmp

Run Build Command:"/usr/bin/make" "cmTC_61605/fast"
/usr/bin/make -f CMakeFiles/cmTC_61605.dir/build.make CMakeFiles/cmTC_61605.dir/build
make[1]: Entering directory '/media/jun/Data/YangJun/Instancefusion/Instancefusion/deps/flann-1.8.4/build/CMakeFiles/CMakeTmp'
Building C object CMakeFiles/cmTC_61605.dir/CheckFunctionExists.c.o
/usr/bin/cc    -fPIC -DCHECK_FUNCTION_EXISTS=pthread_create   -o CMakeFiles/cmTC_61605.dir/CheckFunctionExists.c.o   -c /usr/share/cmake-3.5/Modules/CheckFunctionExists.c
Linking C executable cmTC_61605
/usr/bin/cmake -E cmake_link_script CMakeFiles/cmTC_61605.dir/link.txt --verbose=1
/usr/bin/cc  -fPIC -DCHECK_FUNCTION_EXISTS=pthread_create    CMakeFiles/cmTC_61605.dir/CheckFunctionExists.c.o  -o cmTC_61605 -rdynamic -lpthreads 
/usr/bin/ld: cannot find -lpthreads
collect2: error: ld returned 1 exit status
CMakeFiles/cmTC_61605.dir/build.make:97: recipe for target 'cmTC_61605' failed
make[1]: *** [cmTC_61605] Error 1
make[1]: Leaving directory '/media/jun/Data/YangJun/Instancefusion/Instancefusion/deps/flann-1.8.4/build/CMakeFiles/CMakeTmp'
Makefile:126: recipe for target 'cmTC_61605/fast' failed
make: *** [cmTC_61605/fast] Error 2


